Started by GitHub push by s-ashwinkumar
Building in workspace /var/lib/jenkins/workspace/Honeycomb - Master build
[WS-CLEANUP] Deleting project workspace...
Cloning the remote Git repository
Cloning repository https://github.com/s-ashwinkumar/HoneyComb.git
 > git init /var/lib/jenkins/workspace/Honeycomb - Master build # timeout=10
Fetching upstream changes from https://github.com/s-ashwinkumar/HoneyComb.git
 > git --version # timeout=10
using .gitcredentials to set credentials
 > git config --local credential.username s-ashwinkumar # timeout=10
 > git config --local credential.helper store --file=/tmp/git1919251542641627166.credentials # timeout=10
 > git -c core.askpass=true fetch --tags --progress https://github.com/s-ashwinkumar/HoneyComb.git +refs/heads/*:refs/remotes/origin/*
 > git config --local --remove-section credential # timeout=10
 > git config remote.origin.url https://github.com/s-ashwinkumar/HoneyComb.git # timeout=10
 > git config --add remote.origin.fetch +refs/heads/*:refs/remotes/origin/* # timeout=10
 > git config remote.origin.url https://github.com/s-ashwinkumar/HoneyComb.git # timeout=10
Fetching upstream changes from https://github.com/s-ashwinkumar/HoneyComb.git
using .gitcredentials to set credentials
 > git config --local credential.username s-ashwinkumar # timeout=10
 > git config --local credential.helper store --file=/tmp/git1763335818000802025.credentials # timeout=10
 > git -c core.askpass=true fetch --tags --progress https://github.com/s-ashwinkumar/HoneyComb.git +refs/heads/*:refs/remotes/origin/*
 > git config --local --remove-section credential # timeout=10
 > git rev-parse origin/master^{commit} # timeout=10
Checking out Revision c60e093f51fadd1e5da70009f1b8869e0b6d1257 (origin/master)
 > git config core.sparsecheckout # timeout=10
 > git checkout -f c60e093f51fadd1e5da70009f1b8869e0b6d1257
First time build. Skipping changelog.
[Honeycomb - Master build] $ /bin/sh -xe /tmp/hudson2610983782442947522.sh
+ mvn clean
Java HotSpot(TM) 64-Bit Server VM warning: ignoring option MaxPermSize=150m; support was removed in 8.0
[INFO] Scanning for projects...
[INFO]                                                                         
[INFO] ------------------------------------------------------------------------
[INFO] Building FaultInjection 1.0-SNAPSHOT
[INFO] ------------------------------------------------------------------------
[INFO] 
[INFO] --- maven-clean-plugin:2.5:clean (default-clean) @ FaultInjection ---
[INFO] ------------------------------------------------------------------------
[INFO] BUILD SUCCESS
[INFO] ------------------------------------------------------------------------
[INFO] Total time: 0.549 s
[INFO] Finished at: 2016-06-09T22:19:09+00:00
[INFO] Final Memory: 6M/15M
[INFO] ------------------------------------------------------------------------
+ mvn package
Java HotSpot(TM) 64-Bit Server VM warning: ignoring option MaxPermSize=150m; support was removed in 8.0
[INFO] Scanning for projects...
[INFO]                                                                         
[INFO] ------------------------------------------------------------------------
[INFO] Building FaultInjection 1.0-SNAPSHOT
[INFO] ------------------------------------------------------------------------
[INFO] 
[INFO] --- jacoco-maven-plugin:0.7.5.201505241946:prepare-agent (default) @ FaultInjection ---
[INFO] argLine set to "-javaagent:/var/lib/jenkins/.m2/repository/org/jacoco/org.jacoco.agent/0.7.5.201505241946/org.jacoco.agent-0.7.5.201505241946-runtime.jar=destfile=/var/lib/jenkins/workspace/Honeycomb - Master build/target/jacoco.exec,excludes=**/MainServer.*:**/RouterClass.*"
[INFO] 
[INFO] --- maven-resources-plugin:2.6:resources (default-resources) @ FaultInjection ---
[WARNING] Using platform encoding (UTF-8 actually) to copy filtered resources, i.e. build is platform dependent!
[INFO] Copying 1 resource
[INFO] 
[INFO] --- maven-compiler-plugin:3.1:compile (default-compile) @ FaultInjection ---
[INFO] Changes detected - recompiling the module!
[WARNING] File encoding has not been set, using platform encoding UTF-8, i.e. build is platform dependent!
[INFO] Compiling 7 source files to /var/lib/jenkins/workspace/Honeycomb - Master build/target/classes
[INFO] 
[INFO] --- maven-resources-plugin:2.6:testResources (default-testResources) @ FaultInjection ---
[WARNING] Using platform encoding (UTF-8 actually) to copy filtered resources, i.e. build is platform dependent!
[INFO] skip non existing resourceDirectory /var/lib/jenkins/workspace/Honeycomb - Master build/src/test/resources
[INFO] 
[INFO] --- maven-compiler-plugin:3.1:testCompile (default-testCompile) @ FaultInjection ---
[INFO] Changes detected - recompiling the module!
[WARNING] File encoding has not been set, using platform encoding UTF-8, i.e. build is platform dependent!
[INFO] Compiling 2 source files to /var/lib/jenkins/workspace/Honeycomb - Master build/target/test-classes
[INFO] 
[INFO] --- maven-surefire-plugin:2.12.4:test (default-test) @ FaultInjection ---
[INFO] Surefire report directory: /var/lib/jenkins/workspace/Honeycomb - Master build/target/surefire-reports

-------------------------------------------------------
 T E S T S
-------------------------------------------------------
Running fi.core.UserTest
Tests run: 6, Failures: 0, Errors: 0, Skipped: 0, Time elapsed: 0.9 sec
Running loggi.faultinjection.LoggiTest
Tests run: 6, Failures: 0, Errors: 0, Skipped: 0, Time elapsed: 0.201 sec

Results :

Tests run: 12, Failures: 0, Errors: 0, Skipped: 0

[INFO] 
[INFO] --- jacoco-maven-plugin:0.7.5.201505241946:report (report) @ FaultInjection ---
[INFO] Analyzed bundle 'FaultInjection' with 2 classes
[INFO] 
[INFO] --- maven-jar-plugin:2.4:jar (default-jar) @ FaultInjection ---
[INFO] Building jar: /var/lib/jenkins/workspace/Honeycomb - Master build/target/FaultInjection-1.0-SNAPSHOT.jar
[INFO] 
[INFO] --- maven-shade-plugin:2.3:shade (default) @ FaultInjection ---
[WARNING] Map in class org.apache.maven.plugins.shade.resource.ManifestResourceTransformer declares value type as: class java.util.jar.Attributes but saw: class java.lang.String at runtime
[INFO] Including log4j:log4j:jar:1.2.17 in the shaded jar.
[INFO] Including io.vertx:vertx-core:jar:3.2.1 in the shaded jar.
[INFO] Including io.netty:netty-common:jar:4.0.33.Final in the shaded jar.
[INFO] Including io.netty:netty-buffer:jar:4.0.33.Final in the shaded jar.
[INFO] Including io.netty:netty-transport:jar:4.0.33.Final in the shaded jar.
[INFO] Including io.netty:netty-handler:jar:4.0.33.Final in the shaded jar.
[INFO] Including io.netty:netty-codec:jar:4.0.33.Final in the shaded jar.
[INFO] Including io.netty:netty-codec-http:jar:4.0.33.Final in the shaded jar.
[INFO] Including com.fasterxml.jackson.core:jackson-core:jar:2.6.1 in the shaded jar.
[INFO] Including com.fasterxml.jackson.core:jackson-databind:jar:2.6.1 in the shaded jar.
[INFO] Including com.fasterxml.jackson.core:jackson-annotations:jar:2.6.0 in the shaded jar.
[INFO] Including io.vertx:vertx-web:jar:3.1.0 in the shaded jar.
[INFO] Including io.vertx:vertx-auth-common:jar:3.1.0 in the shaded jar.
[INFO] Including io.vertx:vertx-jdbc-client:jar:3.1.0 in the shaded jar.
[INFO] Including io.vertx:vertx-sql-common:jar:3.1.0 in the shaded jar.
[INFO] Including com.mchange:c3p0:jar:0.9.5.1 in the shaded jar.
[INFO] Including com.mchange:mchange-commons-java:jar:0.2.10 in the shaded jar.
[INFO] Including com.zaxxer:HikariCP:jar:2.3.9 in the shaded jar.
[INFO] Including org.slf4j:slf4j-api:jar:1.7.10 in the shaded jar.
[INFO] Including org.javassist:javassist:jar:3.18.2-GA in the shaded jar.
[INFO] Including com.jolbox:bonecp:jar:0.8.0.RELEASE in the shaded jar.
[INFO] Including com.google.guava:guava:jar:15.0 in the shaded jar.
[INFO] Including org.mockito:mockito-all:jar:1.10.19 in the shaded jar.
[INFO] ------------------------------------------------------------------------
[INFO] BUILD SUCCESS
[INFO] ------------------------------------------------------------------------
[INFO] Total time: 10.254 s
[INFO] Finished at: 2016-06-09T22:19:21+00:00
[INFO] Final Memory: 25M/77M
[INFO] ------------------------------------------------------------------------
+ mvn verify
Java HotSpot(TM) 64-Bit Server VM warning: ignoring option MaxPermSize=150m; support was removed in 8.0
[INFO] Scanning for projects...
[INFO]                                                                         
[INFO] ------------------------------------------------------------------------
[INFO] Building FaultInjection 1.0-SNAPSHOT
[INFO] ------------------------------------------------------------------------
[INFO] 
[INFO] --- jacoco-maven-plugin:0.7.5.201505241946:prepare-agent (default) @ FaultInjection ---
[INFO] argLine set to "-javaagent:/var/lib/jenkins/.m2/repository/org/jacoco/org.jacoco.agent/0.7.5.201505241946/org.jacoco.agent-0.7.5.201505241946-runtime.jar=destfile=/var/lib/jenkins/workspace/Honeycomb - Master build/target/jacoco.exec,excludes=**/MainServer.*:**/RouterClass.*"
[INFO] 
[INFO] --- maven-resources-plugin:2.6:resources (default-resources) @ FaultInjection ---
[WARNING] Using platform encoding (UTF-8 actually) to copy filtered resources, i.e. build is platform dependent!
[INFO] Copying 1 resource
[INFO] 
[INFO] --- maven-compiler-plugin:3.1:compile (default-compile) @ FaultInjection ---
[INFO] Changes detected - recompiling the module!
[WARNING] File encoding has not been set, using platform encoding UTF-8, i.e. build is platform dependent!
[INFO] Compiling 7 source files to /var/lib/jenkins/workspace/Honeycomb - Master build/target/classes
[INFO] 
[INFO] --- maven-resources-plugin:2.6:testResources (default-testResources) @ FaultInjection ---
[WARNING] Using platform encoding (UTF-8 actually) to copy filtered resources, i.e. build is platform dependent!
[INFO] skip non existing resourceDirectory /var/lib/jenkins/workspace/Honeycomb - Master build/src/test/resources
[INFO] 
[INFO] --- maven-compiler-plugin:3.1:testCompile (default-testCompile) @ FaultInjection ---
[INFO] Nothing to compile - all classes are up to date
[INFO] 
[INFO] --- maven-surefire-plugin:2.12.4:test (default-test) @ FaultInjection ---
[INFO] Surefire report directory: /var/lib/jenkins/workspace/Honeycomb - Master build/target/surefire-reports

-------------------------------------------------------
 T E S T S
-------------------------------------------------------
Running fi.core.UserTest
Tests run: 6, Failures: 0, Errors: 0, Skipped: 0, Time elapsed: 0.988 sec
Running loggi.faultinjection.LoggiTest
Tests run: 6, Failures: 0, Errors: 0, Skipped: 0, Time elapsed: 0.194 sec

Results :

Tests run: 12, Failures: 0, Errors: 0, Skipped: 0

[INFO] 
[INFO] --- jacoco-maven-plugin:0.7.5.201505241946:report (report) @ FaultInjection ---
[INFO] Analyzed bundle 'FaultInjection' with 2 classes
[INFO] 
[INFO] --- maven-jar-plugin:2.4:jar (default-jar) @ FaultInjection ---
[INFO] Building jar: /var/lib/jenkins/workspace/Honeycomb - Master build/target/FaultInjection-1.0-SNAPSHOT.jar
[INFO] 
[INFO] --- maven-shade-plugin:2.3:shade (default) @ FaultInjection ---
[WARNING] Map in class org.apache.maven.plugins.shade.resource.ManifestResourceTransformer declares value type as: class java.util.jar.Attributes but saw: class java.lang.String at runtime
[INFO] Including log4j:log4j:jar:1.2.17 in the shaded jar.
[INFO] Including io.vertx:vertx-core:jar:3.2.1 in the shaded jar.
[INFO] Including io.netty:netty-common:jar:4.0.33.Final in the shaded jar.
[INFO] Including io.netty:netty-buffer:jar:4.0.33.Final in the shaded jar.
[INFO] Including io.netty:netty-transport:jar:4.0.33.Final in the shaded jar.
[INFO] Including io.netty:netty-handler:jar:4.0.33.Final in the shaded jar.
[INFO] Including io.netty:netty-codec:jar:4.0.33.Final in the shaded jar.
[INFO] Including io.netty:netty-codec-http:jar:4.0.33.Final in the shaded jar.
[INFO] Including com.fasterxml.jackson.core:jackson-core:jar:2.6.1 in the shaded jar.
[INFO] Including com.fasterxml.jackson.core:jackson-databind:jar:2.6.1 in the shaded jar.
[INFO] Including com.fasterxml.jackson.core:jackson-annotations:jar:2.6.0 in the shaded jar.
[INFO] Including io.vertx:vertx-web:jar:3.1.0 in the shaded jar.
[INFO] Including io.vertx:vertx-auth-common:jar:3.1.0 in the shaded jar.
[INFO] Including io.vertx:vertx-jdbc-client:jar:3.1.0 in the shaded jar.
[INFO] Including io.vertx:vertx-sql-common:jar:3.1.0 in the shaded jar.
[INFO] Including com.mchange:c3p0:jar:0.9.5.1 in the shaded jar.
[INFO] Including com.mchange:mchange-commons-java:jar:0.2.10 in the shaded jar.
[INFO] Including com.zaxxer:HikariCP:jar:2.3.9 in the shaded jar.
[INFO] Including org.slf4j:slf4j-api:jar:1.7.10 in the shaded jar.
[INFO] Including org.javassist:javassist:jar:3.18.2-GA in the shaded jar.
[INFO] Including com.jolbox:bonecp:jar:0.8.0.RELEASE in the shaded jar.
[INFO] Including com.google.guava:guava:jar:15.0 in the shaded jar.
[INFO] Including org.mockito:mockito-all:jar:1.10.19 in the shaded jar.
[INFO] ------------------------------------------------------------------------
[INFO] BUILD SUCCESS
[INFO] ------------------------------------------------------------------------
[INFO] Total time: 9.942 s
[INFO] Finished at: 2016-06-09T22:19:33+00:00
[INFO] Final Memory: 26M/66M
[INFO] ------------------------------------------------------------------------
+ docker login -u honeycombteam -e ashwinks@andrew.cmu.edu -p honeycombpass
time="2016-06-09T22:19:33Z" level=fatal msg="Post http:///var/run/docker.sock/v1.18/auth: dial unix /var/run/docker.sock: permission denied. Are you trying to connect to a TLS-enabled daemon without TLS?" 
Build step 'Execute shell' marked build as failure
Recording test results
Build did not succeed and the project is configured to only push after a successful build, so no pushing will occur.
Finished: FAILURE
